This file contains any messages produced by compilers while
running configure, to aid debugging if configure makes a mistake.

It was created by dirvish configure 1.3.0-esm, which was
generated by GNU Autoconf 2.59.  Invocation command line was

  $ ./configure --prefix=/usr/local

## --------- ##
## Platform. ##
## --------- ##

hostname = erina
uname -m = i686
uname -r = 2.6.5-ESM
uname -s = Linux
uname -v = #9 Wed Oct 20 23:56:43 CEST 2004

/usr/bin/uname -p = unknown
/bin/uname -X     = unknown

/bin/arch              = i686
/usr/bin/arch -k       = unknown
/usr/convex/getsysinfo = unknown
hostinfo               = unknown
/bin/machine           = unknown
/usr/bin/oslevel       = unknown
/bin/universe          = unknown

PATH: /home/eric/bin
PATH: /usr/local/bin
PATH: /usr/bin
PATH: /bin
PATH: /usr/bin/X11
PATH: /usr/games
PATH: /opt/apache/forrest/bin
PATH: /opt/maven/bin


## ----------- ##
## Core tests. ##
## ----------- ##

configure:1273: checking build system type
configure:1291: result: i686-pc-linux-gnu
configure:1299: checking host system type
configure:1313: result: i686-pc-linux-gnu
configure:1321: checking target system type
configure:1335: result: i686-pc-linux-gnu
configure:1363: checking for a BSD-compatible install
configure:1418: result: /usr/bin/install -c
configure:1429: checking whether build environment is sane
configure:1472: result: yes
configure:1537: checking for gawk
configure:1553: found /usr/bin/gawk
configure:1563: result: gawk
configure:1573: checking whether make sets $(MAKE)
configure:1593: result: yes
configure:1763: checking for perl
configure:1781: found /usr/bin/perl
configure:1793: result: /usr/bin/perl
configure:1802: checking for rsync
configure:1820: found /usr/bin/rsync
configure:1832: result: /usr/bin/rsync
configure:1841: checking for ssh
configure:1859: found /usr/bin/ssh
configure:1871: result: /usr/bin/ssh
configure:1893: checking for a BSD-compatible install
configure:1948: result: /usr/bin/install -c
configure:2094: creating ./config.status

## ---------------------- ##
## Running config.status. ##
## ---------------------- ##

This file was extended by dirvish config.status 1.3.0-esm, which was
generated by GNU Autoconf 2.59.  Invocation command line was

  CONFIG_FILES    = 
  CONFIG_HEADERS  = 
  CONFIG_LINKS    = 
  CONFIG_COMMANDS = 
  $ ./config.status 

on erina

config.status:705: creating Makefile

## ---------------- ##
## Cache variables. ##
## ---------------- ##

ac_cv_build=i686-pc-linux-gnu
ac_cv_build_alias=i686-pc-linux-gnu
ac_cv_env_build_alias_set=
ac_cv_env_build_alias_value=
ac_cv_env_host_alias_set=
ac_cv_env_host_alias_value=
ac_cv_env_target_alias_set=
ac_cv_env_target_alias_value=
ac_cv_host=i686-pc-linux-gnu
ac_cv_host_alias=i686-pc-linux-gnu
ac_cv_path_PERL=/usr/bin/perl
ac_cv_path_RSYNC=/usr/bin/rsync
ac_cv_path_SSH=/usr/bin/ssh
ac_cv_path_install='/usr/bin/install -c'
ac_cv_prog_AWK=gawk
ac_cv_prog_make_make_set=yes
ac_cv_target=i686-pc-linux-gnu
ac_cv_target_alias=i686-pc-linux-gnu

## ----------------- ##
## Output variables. ##
## ----------------- ##

ACLOCAL='${SHELL} /mnt/homes2/eric/dirvish/Dirvish-1.3-esm/missing --run aclocal-1.9'
AMTAR='${SHELL} /mnt/homes2/eric/dirvish/Dirvish-1.3-esm/missing --run tar'
AUTOCONF='${SHELL} /mnt/homes2/eric/dirvish/Dirvish-1.3-esm/missing --run autoconf'
AUTOHEADER='${SHELL} /mnt/homes2/eric/dirvish/Dirvish-1.3-esm/missing --run autoheader'
AUTOMAKE='${SHELL} /mnt/homes2/eric/dirvish/Dirvish-1.3-esm/missing --run automake-1.9'
AWK='gawk'
CYGPATH_W='echo'
DEFS='-DPACKAGE_NAME=\"dirvish\" -DPACKAGE_TARNAME=\"dirvish\" -DPACKAGE_VERSION=\"1.3.0-esm\" -DPACKAGE_STRING=\"dirvish\ 1.3.0-esm\" -DPACKAGE_BUGREPORT=\"dirvish@dirvish.org\" -DPACKAGE=\"dirvish\" -DVERSION=\"1.3.0-esm\" '
ECHO_C=''
ECHO_N='-n'
ECHO_T=''
INSTALL_DATA='${INSTALL} -m 644'
INSTALL_PROGRAM='${INSTALL}'
INSTALL_SCRIPT='${INSTALL}'
INSTALL_STRIP_PROGRAM='${SHELL} $(install_sh) -c -s'
LIBOBJS=''
LIBS=''
LTLIBOBJS=''
MAKEINFO='${SHELL} /mnt/homes2/eric/dirvish/Dirvish-1.3-esm/missing --run makeinfo'
PACKAGE='dirvish'
PACKAGE_BUGREPORT='dirvish@dirvish.org'
PACKAGE_NAME='dirvish'
PACKAGE_STRING='dirvish 1.3.0-esm'
PACKAGE_TARNAME='dirvish'
PACKAGE_VERSION='1.3.0-esm'
PATH_SEPARATOR=':'
PERL='/usr/bin/perl'
RSYNC='/usr/bin/rsync'
SET_MAKE=''
SHELL='/bin/sh'
SSH='/usr/bin/ssh'
STRIP=''
VERSION='1.3.0-esm'
ac_ct_STRIP=''
am__leading_dot='.'
am__tar='${AMTAR} chof - "$$tardir"'
am__untar='${AMTAR} xf -'
bindir='${exec_prefix}/bin'
build='i686-pc-linux-gnu'
build_alias=''
build_cpu='i686'
build_os='linux-gnu'
build_vendor='pc'
datadir='${prefix}/share'
exec_prefix='${prefix}'
host='i686-pc-linux-gnu'
host_alias=''
host_cpu='i686'
host_os='linux-gnu'
host_vendor='pc'
includedir='${prefix}/include'
infodir='${prefix}/info'
install_sh='/mnt/homes2/eric/dirvish/Dirvish-1.3-esm/install-sh'
libdir='${exec_prefix}/lib'
libexecdir='${exec_prefix}/libexec'
localstatedir='${prefix}/var'
mandir='${prefix}/man'
mkdir_p='mkdir -p --'
oldincludedir='/usr/include'
prefix='/usr/local'
program_transform_name='s,x,x,'
sbindir='${exec_prefix}/sbin'
sharedstatedir='${prefix}/com'
sysconfdir='${prefix}/etc'
target='i686-pc-linux-gnu'
target_alias=''
target_cpu='i686'
target_os='linux-gnu'
target_vendor='pc'

## ----------- ##
## confdefs.h. ##
## ----------- ##

#define PACKAGE "dirvish"
#define PACKAGE_BUGREPORT "dirvish@dirvish.org"
#define PACKAGE_NAME "dirvish"
#define PACKAGE_STRING "dirvish 1.3.0-esm"
#define PACKAGE_TARNAME "dirvish"
#define PACKAGE_VERSION "1.3.0-esm"
#define VERSION "1.3.0-esm"

configure: exit 0
